[93musing WORLD_SIZE from torch.cuda.device_count[0m
[22:48:11] INFO     (0:00:00) =======================================================         
           INFO     (0:00:00)          ResNet50 for UKB50K MoCo                               
           INFO     (0:00:00) =======================================================         
           INFO     (0:00:00) Command used:                                                   
                    torch_train_GAN.py --batch-size 126 --lr 1e-4 --log-writer tensorboard    
                    --epochs 20 --microbatch 6 --FE --pretrained --distributed                
/home/rawangq1/git_wq/SSL_veronika/.venv/lib/python3.10/site-packages/torchvision/models/_utils.py:223: UserWarning: Arguments other than a weight enum or `None` for 'weights' are deprecated since 0.13 and may be removed in the future. The current behavior is equivalent to passing `weights=None`.
  warnings.warn(msg)
/home/rawangq1/git_wq/SSL_veronika/.venv/lib/python3.10/site-packages/torchvision/models/_utils.py:223: UserWarning: Arguments other than a weight enum or `None` for 'weights' are deprecated since 0.13 and may be removed in the future. The current behavior is equivalent to passing `weights=None`.
  warnings.warn(msg)
/home/rawangq1/git_wq/SSL_veronika/.venv/lib/python3.10/site-packages/torchvision/models/_utils.py:223: UserWarning: Arguments other than a weight enum or `None` for 'weights' are deprecated since 0.13 and may be removed in the future. The current behavior is equivalent to passing `weights=None`.
  warnings.warn(msg)
/home/rawangq1/git_wq/SSL_veronika/utils/load_ckpt.py:8: FutureWarning: You are using `torch.load` with `weights_only=False` (the current default value), which uses the default pickle module implicitly. It is possible to construct malicious pickle data which will execute arbitrary code during unpickling (See https://github.com/pytorch/pytorch/blob/main/SECURITY.md#untrusted-models for more details). In a future release, the default value for `weights_only` will be flipped to `True`. This limits the functions that could be executed during unpickling. Arbitrary objects will no longer be allowed to be loaded via this mode unless they are explicitly allowlisted by the user via `torch.serialization.add_safe_globals`. We recommend you start setting `weights_only=True` for any use case where you don't have full control of the loaded file. Please open an issue on GitHub for any issues related to this experimental feature.
  ckpt_file = torch.load(ckpt_name, map_location=device)
/home/rawangq1/git_wq/SSL_veronika/utils/load_ckpt.py:8: FutureWarning: You are using `torch.load` with `weights_only=False` (the current default value), which uses the default pickle module implicitly. It is possible to construct malicious pickle data which will execute arbitrary code during unpickling (See https://github.com/pytorch/pytorch/blob/main/SECURITY.md#untrusted-models for more details). In a future release, the default value for `weights_only` will be flipped to `True`. This limits the functions that could be executed during unpickling. Arbitrary objects will no longer be allowed to be loaded via this mode unless they are explicitly allowlisted by the user via `torch.serialization.add_safe_globals`. We recommend you start setting `weights_only=True` for any use case where you don't have full control of the loaded file. Please open an issue on GitHub for any issues related to this experimental feature.
  ckpt_file = torch.load(ckpt_name, map_location=device)
/home/rawangq1/git_wq/SSL_veronika/utils/load_ckpt.py:8: FutureWarning: You are using `torch.load` with `weights_only=False` (the current default value), which uses the default pickle module implicitly. It is possible to construct malicious pickle data which will execute arbitrary code during unpickling (See https://github.com/pytorch/pytorch/blob/main/SECURITY.md#untrusted-models for more details). In a future release, the default value for `weights_only` will be flipped to `True`. This limits the functions that could be executed during unpickling. Arbitrary objects will no longer be allowed to be loaded via this mode unless they are explicitly allowlisted by the user via `torch.serialization.add_safe_globals`. We recommend you start setting `weights_only=True` for any use case where you don't have full control of the loaded file. Please open an issue on GitHub for any issues related to this experimental feature.
  ckpt_file = torch.load(ckpt_name, map_location=device)
Num of params: count=25.40 M
Num of params: count=4.48 M
[93mEncoder loaded from  ckpt: results/pretrained_resnet50_veronika/v1_epoch=372-step=5287275.ckpt[0m
[22:48:15] INFO     (0:00:03) [Noise]: sigma = 1.0                                            
[22:48:32] INFO     (0:00:20) [ITER]: G: 0 / 419                                              
[22:48:35] INFO     (0:00:23) [ITER]: D: 0 / 419                                              
[22:48:45] INFO     (0:00:33) [ITER]: G: 1 / 419                                              
[22:48:47] INFO     (0:00:36) [ITER]: D: 1 / 419                                              
[22:48:58] INFO     (0:00:46) [ITER]: G: 2 / 419                                              
[22:49:01] INFO     (0:00:49) [ITER]: D: 2 / 419                                              
[22:49:12] INFO     (0:01:00) [ITER]: G: 3 / 419                                              
[22:49:14] INFO     (0:01:03) [ITER]: D: 3 / 419                                              
[22:49:25] INFO     (0:01:14) [ITER]: G: 4 / 419                                              
[22:49:28] INFO     (0:01:16) [ITER]: D: 4 / 419                                              
[22:49:39] INFO     (0:01:27) [ITER]: G: 5 / 419                                              
[22:49:41] INFO     (0:01:30) [ITER]: D: 5 / 419                                              
[22:49:52] INFO     (0:01:40) [ITER]: G: 6 / 419                                              
[22:49:55] INFO     (0:01:43) [ITER]: D: 6 / 419                                              
[22:50:06] INFO     (0:01:54) [ITER]: G: 7 / 419                                              
[22:50:08] INFO     (0:01:57) [ITER]: D: 7 / 419                                              
[22:50:19] INFO     (0:02:07) [ITER]: G: 8 / 419                                              
[22:50:22] INFO     (0:02:10) [ITER]: D: 8 / 419                                              
[22:50:33] INFO     (0:02:21) [ITER]: G: 9 / 419                                              
[22:50:36] INFO     (0:02:24) [ITER]: D: 9 / 419                                              
[22:50:47] INFO     (0:02:35) [ITER]: G: 10 / 419                                             
[22:50:49] INFO     (0:02:38) [ITER]: D: 10 / 419                                             
[22:51:00] INFO     (0:02:48) [ITER]: G: 11 / 419                                             
[22:51:03] INFO     (0:02:51) [ITER]: D: 11 / 419                                             
[22:51:13] INFO     (0:03:02) [ITER]: G: 12 / 419                                             
[22:51:16] INFO     (0:03:04) [ITER]: D: 12 / 419                                             
[22:51:27] INFO     (0:03:15) [ITER]: G: 13 / 419                                             
[22:51:30] INFO     (0:03:18) [ITER]: D: 13 / 419                                             
[22:51:40] INFO     (0:03:29) [ITER]: G: 14 / 419                                             
[22:51:43] INFO     (0:03:31) [ITER]: D: 14 / 419                                             
[22:51:54] INFO     (0:03:42) [ITER]: G: 15 / 419                                             
[22:51:57] INFO     (0:03:45) [ITER]: D: 15 / 419                                             
[22:52:07] INFO     (0:03:56) [ITER]: G: 16 / 419                                             
[22:52:10] INFO     (0:03:59) [ITER]: D: 16 / 419                                             
[22:52:21] INFO     (0:04:09) [ITER]: G: 17 / 419                                             
[22:52:24] INFO     (0:04:12) [ITER]: D: 17 / 419                                             
[22:52:34] INFO     (0:04:23) [ITER]: G: 18 / 419                                             
[22:52:37] INFO     (0:04:25) [ITER]: D: 18 / 419                                             
[22:52:48] INFO     (0:04:36) [ITER]: G: 19 / 419                                             
[22:52:51] INFO     (0:04:39) [ITER]: D: 19 / 419                                             
[22:53:01] INFO     (0:04:50) [ITER]: G: 20 / 419                                             
[22:53:04] INFO     (0:04:53) [ITER]: D: 20 / 419                                             
[22:53:15] INFO     (0:05:03) [ITER]: G: 21 / 419                                             
[22:53:18] INFO     (0:05:06) [ITER]: D: 21 / 419                                             
[22:53:29] INFO     (0:05:17) [ITER]: G: 22 / 419                                             
[22:53:32] INFO     (0:05:20) [ITER]: D: 22 / 419                                             
[22:53:43] INFO     (0:05:31) [ITER]: G: 23 / 419                                             
[22:53:46] INFO     (0:05:34) [ITER]: D: 23 / 419                                             
[22:53:56] INFO     (0:05:45) [ITER]: G: 24 / 419                                             
[22:53:59] INFO     (0:05:47) [ITER]: D: 24 / 419                                             
[22:54:10] INFO     (0:05:58) [ITER]: G: 25 / 419                                             
[22:54:13] INFO     (0:06:01) [ITER]: D: 25 / 419                                             
[22:54:23] INFO     (0:06:12) [ITER]: G: 26 / 419                                             
[22:54:26] INFO     (0:06:15) [ITER]: D: 26 / 419                                             
[22:54:37] INFO     (0:06:25) [ITER]: G: 27 / 419                                             
[22:54:40] INFO     (0:06:28) [ITER]: D: 27 / 419                                             
[22:54:50] INFO     (0:06:39) [ITER]: G: 28 / 419                                             
[22:54:53] INFO     (0:06:42) [ITER]: D: 28 / 419                                             
[22:55:04] INFO     (0:06:52) [ITER]: G: 29 / 419                                             
[22:55:07] INFO     (0:06:55) [ITER]: D: 29 / 419                                             
[22:55:18] INFO     (0:07:06) [ITER]: G: 30 / 419                                             
[22:55:20] INFO     (0:07:09) [ITER]: D: 30 / 419                                             
[22:55:31] INFO     (0:07:19) [ITER]: G: 31 / 419                                             
[22:55:34] INFO     (0:07:22) [ITER]: D: 31 / 419                                             
[22:55:45] INFO     (0:07:33) [ITER]: G: 32 / 419                                             
[22:55:48] INFO     (0:07:36) [ITER]: D: 32 / 419                                             
[22:55:58] INFO     (0:07:47) [ITER]: G: 33 / 419                                             
[22:56:01] INFO     (0:07:49) [ITER]: D: 33 / 419                                             
[22:56:12] INFO     (0:08:00) [ITER]: G: 34 / 419                                             
[22:56:15] INFO     (0:08:03) [ITER]: D: 34 / 419                                             
[22:56:27] INFO     (0:08:15) [ITER]: G: 35 / 419                                             
[22:56:30] INFO     (0:08:18) [ITER]: D: 35 / 419                                             
[22:56:40] INFO     (0:08:28) [ITER]: G: 36 / 419                                             
[22:56:43] INFO     (0:08:31) [ITER]: D: 36 / 419                                             
[22:56:54] INFO     (0:08:42) [ITER]: G: 37 / 419                                             
[22:56:56] INFO     (0:08:45) [ITER]: D: 37 / 419                                             
[22:57:07] INFO     (0:08:55) [ITER]: G: 38 / 419                                             
[22:57:10] INFO     (0:08:58) [ITER]: D: 38 / 419                                             
[22:57:21] INFO     (0:09:09) [ITER]: G: 39 / 419                                             
[22:57:23] INFO     (0:09:12) [ITER]: D: 39 / 419                                             
[22:57:34] INFO     (0:09:22) [ITER]: G: 40 / 419                                             
[22:57:37] INFO     (0:09:25) [ITER]: D: 40 / 419                                             
[22:57:47] INFO     (0:09:36) [ITER]: G: 41 / 419                                             
[22:57:50] INFO     (0:09:39) [ITER]: D: 41 / 419                                             
[22:58:01] INFO     (0:09:49) [ITER]: G: 42 / 419                                             
[22:58:04] INFO     (0:09:52) [ITER]: D: 42 / 419                                             
[22:58:15] INFO     (0:10:03) [ITER]: G: 43 / 419                                             
[22:58:17] INFO     (0:10:06) [ITER]: D: 43 / 419                                             
[22:58:28] INFO     (0:10:16) [ITER]: G: 44 / 419                                             
[22:58:31] INFO     (0:10:19) [ITER]: D: 44 / 419                                             
[22:58:41] INFO     (0:10:30) [ITER]: G: 45 / 419                                             
[22:58:44] INFO     (0:10:32) [ITER]: D: 45 / 419                                             
[22:58:55] INFO     (0:10:44) [ITER]: G: 46 / 419                                             
[22:58:58] INFO     (0:10:46) [ITER]: D: 46 / 419                                             
[22:59:09] INFO     (0:10:57) [ITER]: G: 47 / 419                                             
[22:59:11] INFO     (0:11:00) [ITER]: D: 47 / 419                                             
[22:59:23] INFO     (0:11:11) [ITER]: G: 48 / 419                                             
[22:59:26] INFO     (0:11:14) [ITER]: D: 48 / 419                                             
[22:59:36] INFO     (0:11:25) [ITER]: G: 49 / 419                                             
[22:59:39] INFO     (0:11:28) [ITER]: D: 49 / 419                                             
[22:59:50] INFO     (0:11:38) [ITER]: G: 50 / 419                                             
[22:59:53] INFO     (0:11:41) [ITER]: D: 50 / 419                                             
[23:00:03] INFO     (0:11:52) [ITER]: G: 51 / 419                                             
[23:00:06] INFO     (0:11:54) [ITER]: D: 51 / 419                                             
[23:00:17] INFO     (0:12:05) [ITER]: G: 52 / 419                                             
[23:00:20] INFO     (0:12:08) [ITER]: D: 52 / 419                                             
[23:00:31] INFO     (0:12:19) [ITER]: G: 53 / 419                                             
[23:00:34] INFO     (0:12:22) [ITER]: D: 53 / 419                                             
[23:00:45] INFO     (0:12:33) [ITER]: G: 54 / 419                                             
[23:00:48] INFO     (0:12:36) [ITER]: D: 54 / 419                                             
[23:00:58] INFO     (0:12:47) [ITER]: G: 55 / 419                                             
[23:01:01] INFO     (0:12:49) [ITER]: D: 55 / 419                                             
[23:01:12] INFO     (0:13:00) [ITER]: G: 56 / 419                                             
[23:01:14] INFO     (0:13:03) [ITER]: D: 56 / 419                                             
[23:01:25] INFO     (0:13:13) [ITER]: G: 57 / 419                                             
[23:01:28] INFO     (0:13:16) [ITER]: D: 57 / 419                                             
[23:01:39] INFO     (0:13:27) [ITER]: G: 58 / 419                                             
[23:01:41] INFO     (0:13:30) [ITER]: D: 58 / 419                                             
[23:01:53] INFO     (0:13:41) [ITER]: G: 59 / 419                                             
[23:01:56] INFO     (0:13:44) [ITER]: D: 59 / 419                                             
[23:02:06] INFO     (0:13:55) [ITER]: G: 60 / 419                                             
[23:02:09] INFO     (0:13:57) [ITER]: D: 60 / 419                                             
[23:02:20] INFO     (0:14:08) [ITER]: G: 61 / 419                                             
[23:02:23] INFO     (0:14:11) [ITER]: D: 61 / 419                                             
[23:02:33] INFO     (0:14:22) [ITER]: G: 62 / 419                                             
[23:02:36] INFO     (0:14:24) [ITER]: D: 62 / 419                                             
[23:02:47] INFO     (0:14:35) [ITER]: G: 63 / 419                                             
[23:02:49] INFO     (0:14:38) [ITER]: D: 63 / 419                                             
[23:03:00] INFO     (0:14:48) [ITER]: G: 64 / 419                                             
[23:03:03] INFO     (0:14:51) [ITER]: D: 64 / 419                                             
[23:03:13] INFO     (0:15:02) [ITER]: G: 65 / 419                                             
[23:03:16] INFO     (0:15:05) [ITER]: D: 65 / 419                                             
[23:03:27] INFO     (0:15:16) [ITER]: G: 66 / 419                                             
[23:03:30] INFO     (0:15:18) [ITER]: D: 66 / 419                                             
[23:03:41] INFO     (0:15:29) [ITER]: G: 67 / 419                                             
[23:03:43] INFO     (0:15:32) [ITER]: D: 67 / 419                                             
[23:03:54] INFO     (0:15:42) [ITER]: G: 68 / 419                                             
[23:03:57] INFO     (0:15:45) [ITER]: D: 68 / 419                                             
[23:04:08] INFO     (0:15:56) [ITER]: G: 69 / 419                                             
[23:04:10] INFO     (0:15:59) [ITER]: D: 69 / 419                                             
[23:04:21] INFO     (0:16:09) [ITER]: G: 70 / 419                                             
[23:04:24] INFO     (0:16:12) [ITER]: D: 70 / 419                                             
[23:04:34] INFO     (0:16:23) [ITER]: G: 71 / 419                                             
[23:04:37] INFO     (0:16:25) [ITER]: D: 71 / 419                                             
[23:04:48] INFO     (0:16:37) [ITER]: G: 72 / 419                                             
[23:04:51] INFO     (0:16:39) [ITER]: D: 72 / 419                                             
[23:05:02] INFO     (0:16:50) [ITER]: G: 73 / 419                                             
[23:05:05] INFO     (0:16:53) [ITER]: D: 73 / 419                                             
[23:05:16] INFO     (0:17:04) [ITER]: G: 74 / 419                                             
[23:05:18] INFO     (0:17:07) [ITER]: D: 74 / 419                                             
[23:05:29] INFO     (0:17:17) [ITER]: G: 75 / 419                                             
[23:05:32] INFO     (0:17:20) [ITER]: D: 75 / 419                                             
[23:05:42] INFO     (0:17:31) [ITER]: G: 76 / 419                                             
[23:05:45] INFO     (0:17:34) [ITER]: D: 76 / 419                                             
[23:05:56] INFO     (0:17:44) [ITER]: G: 77 / 419                                             
[23:05:59] INFO     (0:17:47) [ITER]: D: 77 / 419                                             
[23:06:09] INFO     (0:17:57) [ITER]: G: 78 / 419                                             
[23:06:12] INFO     (0:18:00) [ITER]: D: 78 / 419                                             
[23:06:23] INFO     (0:18:11) [ITER]: G: 79 / 419                                             
[23:06:25] INFO     (0:18:14) [ITER]: D: 79 / 419                                             
[23:06:36] INFO     (0:18:24) [ITER]: G: 80 / 419                                             
[23:06:39] INFO     (0:18:27) [ITER]: D: 80 / 419                                             
[23:06:49] INFO     (0:18:38) [ITER]: G: 81 / 419                                             
[23:06:52] INFO     (0:18:40) [ITER]: D: 81 / 419                                             
[23:07:03] INFO     (0:18:51) [ITER]: G: 82 / 419                                             
[23:07:06] INFO     (0:18:54) [ITER]: D: 82 / 419                                             
[23:07:16] INFO     (0:19:05) [ITER]: G: 83 / 419                                             
[23:07:19] INFO     (0:19:07) [ITER]: D: 83 / 419                                             
[23:07:30] INFO     (0:19:18) [ITER]: G: 84 / 419                                             
[23:07:32] INFO     (0:19:21) [ITER]: D: 84 / 419                                             
[23:07:43] INFO     (0:19:31) [ITER]: G: 85 / 419                                             
[23:07:46] INFO     (0:19:34) [ITER]: D: 85 / 419                                             
[23:07:57] INFO     (0:19:45) [ITER]: G: 86 / 419                                             
[23:08:00] INFO     (0:19:48) [ITER]: D: 86 / 419                                             
[23:08:10] INFO     (0:19:59) [ITER]: G: 87 / 419                                             
[23:08:13] INFO     (0:20:02) [ITER]: D: 87 / 419                                             
[23:08:24] INFO     (0:20:12) [ITER]: G: 88 / 419                                             
[23:08:27] INFO     (0:20:15) [ITER]: D: 88 / 419                                             
[23:08:37] INFO     (0:20:25) [ITER]: G: 89 / 419                                             
[23:08:40] INFO     (0:20:28) [ITER]: D: 89 / 419                                             
[23:08:50] INFO     (0:20:39) [ITER]: G: 90 / 419                                             
[23:08:53] INFO     (0:20:42) [ITER]: D: 90 / 419                                             
[23:09:04] INFO     (0:20:52) [ITER]: G: 91 / 419                                             
[23:09:07] INFO     (0:20:55) [ITER]: D: 91 / 419                                             
[23:09:17] INFO     (0:21:06) [ITER]: G: 92 / 419                                             
[23:09:20] INFO     (0:21:08) [ITER]: D: 92 / 419                                             
[23:09:31] INFO     (0:21:19) [ITER]: G: 93 / 419                                             
[23:09:34] INFO     (0:21:22) [ITER]: D: 93 / 419                                             
[23:09:44] INFO     (0:21:33) [ITER]: G: 94 / 419                                             
[23:09:47] INFO     (0:21:35) [ITER]: D: 94 / 419                                             
[23:09:58] INFO     (0:21:46) [ITER]: G: 95 / 419                                             
[23:10:01] INFO     (0:21:49) [ITER]: D: 95 / 419                                             
[23:10:11] INFO     (0:22:00) [ITER]: G: 96 / 419                                             
[23:10:14] INFO     (0:22:02) [ITER]: D: 96 / 419                                             
[23:10:25] INFO     (0:22:13) [ITER]: G: 97 / 419                                             
[23:10:28] INFO     (0:22:16) [ITER]: D: 97 / 419                                             
[23:10:38] INFO     (0:22:26) [ITER]: G: 98 / 419                                             
[23:10:41] INFO     (0:22:29) [ITER]: D: 98 / 419                                             
[23:10:52] INFO     (0:22:40) [ITER]: G: 99 / 419                                             
[23:10:54] INFO     (0:22:43) [ITER]: D: 99 / 419                                             
           INFO     (0:22:43) Gathering tensor across 3 devices...                            
           INFO     (0:22:43) Gathering tensor across 3 devices...                            
[23:10:57] INFO     (0:22:45) Gathering tensor across 3 devices...                            
           INFO     (0:22:45) Gathering tensor across 3 devices...                            
[23:11:08] INFO     (0:22:56) [ITER]: G: 100 / 419                                            
[23:11:11] INFO     (0:22:59) [ITER]: D: 100 / 419                                            
[23:11:22] INFO     (0:23:11) [ITER]: G: 101 / 419                                            
[23:11:25] INFO     (0:23:13) [ITER]: D: 101 / 419                                            
[23:11:36] INFO     (0:23:24) [ITER]: G: 102 / 419                                            
[23:11:39] INFO     (0:23:27) [ITER]: D: 102 / 419                                            
[23:11:49] INFO     (0:23:37) [ITER]: G: 103 / 419                                            
[23:11:52] INFO     (0:23:40) [ITER]: D: 103 / 419                                            
[23:12:03] INFO     (0:23:51) [ITER]: G: 104 / 419                                            
[23:12:05] INFO     (0:23:54) [ITER]: D: 104 / 419                                            
[23:12:16] INFO     (0:24:04) [ITER]: G: 105 / 419                                            
[23:12:19] INFO     (0:24:07) [ITER]: D: 105 / 419                                            
[23:12:29] INFO     (0:24:18) [ITER]: G: 106 / 419                                            
[23:12:32] INFO     (0:24:20) [ITER]: D: 106 / 419                                            
[23:12:43] INFO     (0:24:31) [ITER]: G: 107 / 419                                            
[23:12:46] INFO     (0:24:34) [ITER]: D: 107 / 419                                            
[23:12:56] INFO     (0:24:44) [ITER]: G: 108 / 419                                            
[23:12:59] INFO     (0:24:47) [ITER]: D: 108 / 419                                            
[23:13:10] INFO     (0:24:58) [ITER]: G: 109 / 419                                            
[23:13:12] INFO     (0:25:01) [ITER]: D: 109 / 419                                            
[23:13:23] INFO     (0:25:11) [ITER]: G: 110 / 419                                            
[23:13:26] INFO     (0:25:14) [ITER]: D: 110 / 419                                            
[23:13:36] INFO     (0:25:24) [ITER]: G: 111 / 419                                            
[23:13:39] INFO     (0:25:27) [ITER]: D: 111 / 419                                            
[23:13:50] INFO     (0:25:38) [ITER]: G: 112 / 419                                            
[23:13:52] INFO     (0:25:41) [ITER]: D: 112 / 419                                            
[23:14:04] INFO     (0:25:52) [ITER]: G: 113 / 419                                            
[23:14:06] INFO     (0:25:55) [ITER]: D: 113 / 419                                            
[23:14:17] INFO     (0:26:06) [ITER]: G: 114 / 419                                            
[23:14:20] INFO     (0:26:09) [ITER]: D: 114 / 419                                            
[23:14:31] INFO     (0:26:19) [ITER]: G: 115 / 419                                            
[23:14:34] INFO     (0:26:22) [ITER]: D: 115 / 419                                            
[23:14:44] INFO     (0:26:32) [ITER]: G: 116 / 419                                            
[23:14:47] INFO     (0:26:35) [ITER]: D: 116 / 419                                            
[23:14:57] INFO     (0:26:46) [ITER]: G: 117 / 419                                            
[23:15:00] INFO     (0:26:49) [ITER]: D: 117 / 419                                            
[23:15:11] INFO     (0:26:59) [ITER]: G: 118 / 419                                            
[23:15:14] INFO     (0:27:02) [ITER]: D: 118 / 419                                            
[23:15:24] INFO     (0:27:12) [ITER]: G: 119 / 419                                            
[23:15:27] INFO     (0:27:15) [ITER]: D: 119 / 419                                            
[23:15:38] INFO     (0:27:26) [ITER]: G: 120 / 419                                            
[23:15:40] INFO     (0:27:29) [ITER]: D: 120 / 419                                            
[23:15:51] INFO     (0:27:39) [ITER]: G: 121 / 419                                            
[23:15:54] INFO     (0:27:42) [ITER]: D: 121 / 419                                            
[23:16:04] INFO     (0:27:53) [ITER]: G: 122 / 419                                            
[23:16:07] INFO     (0:27:55) [ITER]: D: 122 / 419                                            
[23:16:18] INFO     (0:28:06) [ITER]: G: 123 / 419                                            
[23:16:21] INFO     (0:28:09) [ITER]: D: 123 / 419                                            
[23:16:31] INFO     (0:28:20) [ITER]: G: 124 / 419                                            
[23:16:34] INFO     (0:28:22) [ITER]: D: 124 / 419                                            
[23:16:45] INFO     (0:28:33) [ITER]: G: 125 / 419                                            
[23:16:48] INFO     (0:28:36) [ITER]: D: 125 / 419                                            
[23:16:58] INFO     (0:28:46) [ITER]: G: 126 / 419                                            
[23:17:01] INFO     (0:28:49) [ITER]: D: 126 / 419                                            
[23:17:12] INFO     (0:29:01) [ITER]: G: 127 / 419                                            
[23:17:15] INFO     (0:29:04) [ITER]: D: 127 / 419                                            
[23:17:26] INFO     (0:29:14) [ITER]: G: 128 / 419                                            
[23:17:29] INFO     (0:29:17) [ITER]: D: 128 / 419                                            
[23:17:39] INFO     (0:29:28) [ITER]: G: 129 / 419                                            
[23:17:42] INFO     (0:29:30) [ITER]: D: 129 / 419                                            
[23:17:53] INFO     (0:29:41) [ITER]: G: 130 / 419                                            
[23:17:55] INFO     (0:29:44) [ITER]: D: 130 / 419                                            
[23:18:06] INFO     (0:29:54) [ITER]: G: 131 / 419                                            
[23:18:09] INFO     (0:29:57) [ITER]: D: 131 / 419                                            
[23:18:19] INFO     (0:30:08) [ITER]: G: 132 / 419                                            
[23:18:22] INFO     (0:30:10) [ITER]: D: 132 / 419                                            
[23:18:33] INFO     (0:30:21) [ITER]: G: 133 / 419                                            
[23:18:36] INFO     (0:30:24) [ITER]: D: 133 / 419                                            
[23:18:46] INFO     (0:30:34) [ITER]: G: 134 / 419                                            
[23:18:49] INFO     (0:30:37) [ITER]: D: 134 / 419                                            
[23:18:59] INFO     (0:30:48) [ITER]: G: 135 / 419                                            
[23:19:02] INFO     (0:30:51) [ITER]: D: 135 / 419                                            
[23:19:13] INFO     (0:31:01) [ITER]: G: 136 / 419                                            
[23:19:16] INFO     (0:31:04) [ITER]: D: 136 / 419                                            
[23:19:26] INFO     (0:31:15) [ITER]: G: 137 / 419                                            
[23:19:29] INFO     (0:31:18) [ITER]: D: 137 / 419                                            
[23:19:40] INFO     (0:31:28) [ITER]: G: 138 / 419                                            
[23:19:43] INFO     (0:31:31) [ITER]: D: 138 / 419                                            
[23:19:54] INFO     (0:31:42) [ITER]: G: 139 / 419                                            
[23:19:57] INFO     (0:31:45) [ITER]: D: 139 / 419                                            
[23:20:07] INFO     (0:31:55) [ITER]: G: 140 / 419                                            
[23:20:10] INFO     (0:31:58) [ITER]: D: 140 / 419                                            
[23:20:21] INFO     (0:32:09) [ITER]: G: 141 / 419                                            
[23:20:24] INFO     (0:32:12) [ITER]: D: 141 / 419                                            
[23:20:34] INFO     (0:32:23) [ITER]: G: 142 / 419                                            
[23:20:37] INFO     (0:32:26) [ITER]: D: 142 / 419                                            
[23:20:48] INFO     (0:32:36) [ITER]: G: 143 / 419                                            
[23:20:51] INFO     (0:32:39) [ITER]: D: 143 / 419                                            
[23:21:01] INFO     (0:32:49) [ITER]: G: 144 / 419                                            
[23:21:04] INFO     (0:32:52) [ITER]: D: 144 / 419                                            
[23:21:14] INFO     (0:33:03) [ITER]: G: 145 / 419                                            
[23:21:17] INFO     (0:33:06) [ITER]: D: 145 / 419                                            
[23:21:28] INFO     (0:33:16) [ITER]: G: 146 / 419                                            
[23:21:31] INFO     (0:33:19) [ITER]: D: 146 / 419                                            
[23:21:41] INFO     (0:33:29) [ITER]: G: 147 / 419                                            
[23:21:44] INFO     (0:33:32) [ITER]: D: 147 / 419                                            
[23:21:54] INFO     (0:33:43) [ITER]: G: 148 / 419                                            
[23:21:57] INFO     (0:33:46) [ITER]: D: 148 / 419                                            
[23:22:08] INFO     (0:33:56) [ITER]: G: 149 / 419                                            
[23:22:11] INFO     (0:33:59) [ITER]: D: 149 / 419                                            
[23:22:21] INFO     (0:34:10) [ITER]: G: 150 / 419                                            
[23:22:24] INFO     (0:34:12) [ITER]: D: 150 / 419                                            
[23:22:35] INFO     (0:34:23) [ITER]: G: 151 / 419                                            
[23:22:37] INFO     (0:34:26) [ITER]: D: 151 / 419                                            
[23:22:48] INFO     (0:34:37) [ITER]: G: 152 / 419                                            
[23:22:51] INFO     (0:34:40) [ITER]: D: 152 / 419                                            
[23:23:02] INFO     (0:34:50) [ITER]: G: 153 / 419                                            
[23:23:05] INFO     (0:34:53) [ITER]: D: 153 / 419                                            
[23:23:16] INFO     (0:35:04) [ITER]: G: 154 / 419                                            
[23:23:18] INFO     (0:35:07) [ITER]: D: 154 / 419                                            
[23:23:29] INFO     (0:35:17) [ITER]: G: 155 / 419                                            
[23:23:32] INFO     (0:35:20) [ITER]: D: 155 / 419                                            
[23:23:42] INFO     (0:35:30) [ITER]: G: 156 / 419                                            
[23:23:45] INFO     (0:35:33) [ITER]: D: 156 / 419                                            
[23:23:55] INFO     (0:35:44) [ITER]: G: 157 / 419                                            
[23:23:58] INFO     (0:35:47) [ITER]: D: 157 / 419                                            
[23:24:09] INFO     (0:35:57) [ITER]: G: 158 / 419                                            
[23:24:12] INFO     (0:36:00) [ITER]: D: 158 / 419                                            
[23:24:22] INFO     (0:36:10) [ITER]: G: 159 / 419                                            
[23:24:25] INFO     (0:36:13) [ITER]: D: 159 / 419                                            
[23:24:36] INFO     (0:36:24) [ITER]: G: 160 / 419                                            
[23:24:38] INFO     (0:36:27) [ITER]: D: 160 / 419                                            
[23:24:49] INFO     (0:36:37) [ITER]: G: 161 / 419                                            
[23:24:52] INFO     (0:36:40) [ITER]: D: 161 / 419                                            
[23:25:02] INFO     (0:36:51) [ITER]: G: 162 / 419                                            
[23:25:05] INFO     (0:36:53) [ITER]: D: 162 / 419                                            
[23:25:16] INFO     (0:37:04) [ITER]: G: 163 / 419                                            
[23:25:18] INFO     (0:37:07) [ITER]: D: 163 / 419                                            
[23:25:29] INFO     (0:37:17) [ITER]: G: 164 / 419                                            
[23:25:32] INFO     (0:37:20) [ITER]: D: 164 / 419                                            
[23:25:42] INFO     (0:37:31) [ITER]: G: 165 / 419                                            
[23:25:45] INFO     (0:37:33) [ITER]: D: 165 / 419                                            
[23:25:56] INFO     (0:37:44) [ITER]: G: 166 / 419                                            
[23:25:59] INFO     (0:37:47) [ITER]: D: 166 / 419                                            
[23:26:09] INFO     (0:37:58) [ITER]: G: 167 / 419                                            
[23:26:12] INFO     (0:38:00) [ITER]: D: 167 / 419                                            
[23:26:23] INFO     (0:38:12) [ITER]: G: 168 / 419                                            
[23:26:26] INFO     (0:38:14) [ITER]: D: 168 / 419                                            
[23:26:37] INFO     (0:38:25) [ITER]: G: 169 / 419                                            
[23:26:39] INFO     (0:38:28) [ITER]: D: 169 / 419                                            
[23:26:50] INFO     (0:38:38) [ITER]: G: 170 / 419                                            
[23:26:53] INFO     (0:38:41) [ITER]: D: 170 / 419                                            
[23:27:03] INFO     (0:38:52) [ITER]: G: 171 / 419                                            
[23:27:06] INFO     (0:38:54) [ITER]: D: 171 / 419                                            
[23:27:17] INFO     (0:39:05) [ITER]: G: 172 / 419                                            
[23:27:19] INFO     (0:39:08) [ITER]: D: 172 / 419                                            
[23:27:30] INFO     (0:39:18) [ITER]: G: 173 / 419                                            
[23:27:33] INFO     (0:39:21) [ITER]: D: 173 / 419                                            
[23:27:43] INFO     (0:39:32) [ITER]: G: 174 / 419                                            
[23:27:46] INFO     (0:39:34) [ITER]: D: 174 / 419                                            
[23:27:57] INFO     (0:39:45) [ITER]: G: 175 / 419                                            
[23:28:00] INFO     (0:39:48) [ITER]: D: 175 / 419                                            
[23:28:10] INFO     (0:39:59) [ITER]: G: 176 / 419                                            
[23:28:13] INFO     (0:40:01) [ITER]: D: 176 / 419                                            
[23:28:24] INFO     (0:40:12) [ITER]: G: 177 / 419                                            
[23:28:26] INFO     (0:40:15) [ITER]: D: 177 / 419                                            
[23:28:37] INFO     (0:40:26) [ITER]: G: 178 / 419                                            
[23:28:40] INFO     (0:40:28) [ITER]: D: 178 / 419                                            
[23:28:51] INFO     (0:40:39) [ITER]: G: 179 / 419                                            
[23:28:53] INFO     (0:40:42) [ITER]: D: 179 / 419                                            
[23:29:04] INFO     (0:40:53) [ITER]: G: 180 / 419                                            
[23:29:07] INFO     (0:40:55) [ITER]: D: 180 / 419                                            
[23:29:18] INFO     (0:41:06) [ITER]: G: 181 / 419                                            
[23:29:20] INFO     (0:41:09) [ITER]: D: 181 / 419                                            
[23:29:31] INFO     (0:41:19) [ITER]: G: 182 / 419                                            
[23:29:34] INFO     (0:41:22) [ITER]: D: 182 / 419                                            
[23:29:44] INFO     (0:41:33) [ITER]: G: 183 / 419                                            
[23:29:47] INFO     (0:41:35) [ITER]: D: 183 / 419                                            
[23:29:57] INFO     (0:41:46) [ITER]: G: 184 / 419                                            
[23:30:00] INFO     (0:41:49) [ITER]: D: 184 / 419                                            
[23:30:11] INFO     (0:41:59) [ITER]: G: 185 / 419                                            
[23:30:14] INFO     (0:42:02) [ITER]: D: 185 / 419                                            
[23:30:24] INFO     (0:42:12) [ITER]: G: 186 / 419                                            
[23:30:27] INFO     (0:42:15) [ITER]: D: 186 / 419                                            
[23:30:37] INFO     (0:42:26) [ITER]: G: 187 / 419                                            
[23:30:40] INFO     (0:42:29) [ITER]: D: 187 / 419                                            
[23:30:51] INFO     (0:42:39) [ITER]: G: 188 / 419                                            
[23:30:54] INFO     (0:42:42) [ITER]: D: 188 / 419                                            
[23:31:04] INFO     (0:42:52) [ITER]: G: 189 / 419                                            
[23:31:07] INFO     (0:42:55) [ITER]: D: 189 / 419                                            
[23:31:17] INFO     (0:43:06) [ITER]: G: 190 / 419                                            
[23:31:20] INFO     (0:43:08) [ITER]: D: 190 / 419                                            
[23:31:31] INFO     (0:43:19) [ITER]: G: 191 / 419                                            
[23:31:34] INFO     (0:43:22) [ITER]: D: 191 / 419                                            
[23:31:45] INFO     (0:43:33) [ITER]: G: 192 / 419                                            
[23:31:48] INFO     (0:43:36) [ITER]: D: 192 / 419                                            
[23:31:58] INFO     (0:43:47) [ITER]: G: 193 / 419                                            
[23:32:01] INFO     (0:43:49) [ITER]: D: 193 / 419                                            
[23:32:12] INFO     (0:44:00) [ITER]: G: 194 / 419                                            
[23:32:14] INFO     (0:44:03) [ITER]: D: 194 / 419                                            
[23:32:25] INFO     (0:44:13) [ITER]: G: 195 / 419                                            
[23:32:28] INFO     (0:44:16) [ITER]: D: 195 / 419                                            
[23:32:38] INFO     (0:44:26) [ITER]: G: 196 / 419                                            
[23:32:41] INFO     (0:44:29) [ITER]: D: 196 / 419                                            
[23:32:51] INFO     (0:44:40) [ITER]: G: 197 / 419                                            
[23:32:54] INFO     (0:44:42) [ITER]: D: 197 / 419                                            
[23:33:05] INFO     (0:44:53) [ITER]: G: 198 / 419                                            
[23:33:08] INFO     (0:44:56) [ITER]: D: 198 / 419                                            
[23:33:18] INFO     (0:45:06) [ITER]: G: 199 / 419                                            
[23:33:21] INFO     (0:45:09) [ITER]: D: 199 / 419                                            
           INFO     (0:45:09) Gathering tensor across 3 devices...                            
           INFO     (0:45:09) Gathering tensor across 3 devices...                            
[23:33:22] INFO     (0:45:10) Gathering tensor across 3 devices...                            
           INFO     (0:45:10) Gathering tensor across 3 devices...                            
[23:33:33] INFO     (0:45:22) [ITER]: G: 200 / 419                                            
[23:33:36] INFO     (0:45:24) [ITER]: D: 200 / 419                                            
[23:33:47] INFO     (0:45:35) [ITER]: G: 201 / 419                                            
[23:33:49] INFO     (0:45:38) [ITER]: D: 201 / 419                                            
[23:34:00] INFO     (0:45:49) [ITER]: G: 202 / 419                                            
[23:34:03] INFO     (0:45:52) [ITER]: D: 202 / 419                                            
[23:34:14] INFO     (0:46:02) [ITER]: G: 203 / 419                                            
[23:34:17] INFO     (0:46:05) [ITER]: D: 203 / 419                                            
[23:34:27] INFO     (0:46:15) [ITER]: G: 204 / 419                                            
[23:34:30] INFO     (0:46:18) [ITER]: D: 204 / 419                                            
[23:34:40] INFO     (0:46:29) [ITER]: G: 205 / 419                                            
[23:34:43] INFO     (0:46:32) [ITER]: D: 205 / 419                                            
[23:34:54] INFO     (0:46:43) [ITER]: G: 206 / 419                                            
[23:34:57] INFO     (0:46:45) [ITER]: D: 206 / 419                                            
[23:35:08] INFO     (0:46:56) [ITER]: G: 207 / 419                                            
[23:35:11] INFO     (0:46:59) [ITER]: D: 207 / 419                                            
[23:35:21] INFO     (0:47:09) [ITER]: G: 208 / 419                                            
[23:35:24] INFO     (0:47:12) [ITER]: D: 208 / 419                                            
[23:35:34] INFO     (0:47:23) [ITER]: G: 209 / 419                                            
[23:35:37] INFO     (0:47:26) [ITER]: D: 209 / 419                                            
[23:35:48] INFO     (0:47:36) [ITER]: G: 210 / 419                                            
[23:35:51] INFO     (0:47:39) [ITER]: D: 210 / 419                                            
[23:36:01] INFO     (0:47:49) [ITER]: G: 211 / 419                                            
[23:36:04] INFO     (0:47:52) [ITER]: D: 211 / 419                                            
[23:36:15] INFO     (0:48:03) [ITER]: G: 212 / 419                                            
[23:36:17] INFO     (0:48:06) [ITER]: D: 212 / 419                                            
[23:36:28] INFO     (0:48:16) [ITER]: G: 213 / 419                                            
[23:36:31] INFO     (0:48:19) [ITER]: D: 213 / 419                                            
[23:36:41] INFO     (0:48:30) [ITER]: G: 214 / 419                                            
[23:36:44] INFO     (0:48:33) [ITER]: D: 214 / 419                                            
[23:36:55] INFO     (0:48:43) [ITER]: G: 215 / 419                                            
[23:36:58] INFO     (0:48:46) [ITER]: D: 215 / 419                                            
[23:37:08] INFO     (0:48:57) [ITER]: G: 216 / 419                                            
[23:37:11] INFO     (0:49:00) [ITER]: D: 216 / 419                                            
[23:37:22] INFO     (0:49:10) [ITER]: G: 217 / 419                                            
[23:37:25] INFO     (0:49:13) [ITER]: D: 217 / 419                                            
[23:37:35] INFO     (0:49:24) [ITER]: G: 218 / 419                                            
[23:37:38] INFO     (0:49:27) [ITER]: D: 218 / 419                                            
[23:37:49] INFO     (0:49:37) [ITER]: G: 219 / 419                                            
[23:37:52] INFO     (0:49:40) [ITER]: D: 219 / 419                                            
[23:38:02] INFO     (0:49:51) [ITER]: G: 220 / 419                                            
[23:38:05] INFO     (0:49:53) [ITER]: D: 220 / 419                                            
[23:38:16] INFO     (0:50:04) [ITER]: G: 221 / 419                                            
[23:38:19] INFO     (0:50:07) [ITER]: D: 221 / 419                                            
[23:38:29] INFO     (0:50:18) [ITER]: G: 222 / 419                                            
[23:38:32] INFO     (0:50:20) [ITER]: D: 222 / 419                                            
[23:38:43] INFO     (0:50:31) [ITER]: G: 223 / 419                                            
[23:38:46] INFO     (0:50:34) [ITER]: D: 223 / 419                                            
[23:38:56] INFO     (0:50:45) [ITER]: G: 224 / 419                                            
[23:38:59] INFO     (0:50:48) [ITER]: D: 224 / 419                                            
[23:39:10] INFO     (0:50:58) [ITER]: G: 225 / 419                                            
[23:39:13] INFO     (0:51:01) [ITER]: D: 225 / 419                                            
[23:39:23] INFO     (0:51:12) [ITER]: G: 226 / 419                                            
[23:39:26] INFO     (0:51:14) [ITER]: D: 226 / 419                                            
[23:39:37] INFO     (0:51:25) [ITER]: G: 227 / 419                                            
[23:39:40] INFO     (0:51:28) [ITER]: D: 227 / 419                                            
[23:39:50] INFO     (0:51:39) [ITER]: G: 228 / 419                                            
[23:39:53] INFO     (0:51:41) [ITER]: D: 228 / 419                                            
[23:40:04] INFO     (0:51:52) [ITER]: G: 229 / 419                                            
[23:40:07] INFO     (0:51:55) [ITER]: D: 229 / 419                                            
[23:40:17] INFO     (0:52:06) [ITER]: G: 230 / 419                                            
[23:40:20] INFO     (0:52:08) [ITER]: D: 230 / 419                                            
[23:40:31] INFO     (0:52:19) [ITER]: G: 231 / 419                                            
[23:40:34] INFO     (0:52:22) [ITER]: D: 231 / 419                                            
[23:40:44] INFO     (0:52:33) [ITER]: G: 232 / 419                                            
[23:40:47] INFO     (0:52:35) [ITER]: D: 232 / 419                                            
[23:40:58] INFO     (0:52:46) [ITER]: G: 233 / 419                                            
[23:41:01] INFO     (0:52:49) [ITER]: D: 233 / 419                                            
[23:41:11] INFO     (0:52:59) [ITER]: G: 234 / 419                                            
[23:41:14] INFO     (0:53:02) [ITER]: D: 234 / 419                                            
[23:41:25] INFO     (0:53:13) [ITER]: G: 235 / 419                                            
[23:41:27] INFO     (0:53:16) [ITER]: D: 235 / 419                                            
[23:41:38] INFO     (0:53:26) [ITER]: G: 236 / 419                                            
[23:41:41] INFO     (0:53:29) [ITER]: D: 236 / 419                                            
[23:41:51] INFO     (0:53:40) [ITER]: G: 237 / 419                                            
[23:41:54] INFO     (0:53:43) [ITER]: D: 237 / 419                                            
[23:42:05] INFO     (0:53:53) [ITER]: G: 238 / 419                                            
[23:42:08] INFO     (0:53:56) [ITER]: D: 238 / 419                                            
[23:42:18] INFO     (0:54:07) [ITER]: G: 239 / 419                                            
[23:42:21] INFO     (0:54:09) [ITER]: D: 239 / 419                                            
[23:42:32] INFO     (0:54:20) [ITER]: G: 240 / 419                                            
[23:42:34] INFO     (0:54:23) [ITER]: D: 240 / 419                                            
[23:42:45] INFO     (0:54:33) [ITER]: G: 241 / 419                                            
[23:42:48] INFO     (0:54:36) [ITER]: D: 241 / 419                                            
[23:42:59] INFO     (0:54:47) [ITER]: G: 242 / 419                                            
[23:43:02] INFO     (0:54:50) [ITER]: D: 242 / 419                                            
[23:43:12] INFO     (0:55:01) [ITER]: G: 243 / 419                                            
[23:43:15] INFO     (0:55:04) [ITER]: D: 243 / 419                                            
[23:43:26] INFO     (0:55:14) [ITER]: G: 244 / 419                                            
[23:43:28] INFO     (0:55:17) [ITER]: D: 244 / 419                                            
[23:43:39] INFO     (0:55:27) [ITER]: G: 245 / 419                                            
[23:43:42] INFO     (0:55:30) [ITER]: D: 245 / 419                                            
[23:43:52] INFO     (0:55:41) [ITER]: G: 246 / 419                                            
[23:43:55] INFO     (0:55:44) [ITER]: D: 246 / 419                                            
[23:44:06] INFO     (0:55:54) [ITER]: G: 247 / 419                                            
[23:44:09] INFO     (0:55:57) [ITER]: D: 247 / 419                                            
[23:44:19] INFO     (0:56:08) [ITER]: G: 248 / 419                                            
[23:44:22] INFO     (0:56:10) [ITER]: D: 248 / 419                                            
[23:44:33] INFO     (0:56:21) [ITER]: G: 249 / 419                                            
[23:44:35] INFO     (0:56:24) [ITER]: D: 249 / 419                                            
[23:44:46] INFO     (0:56:34) [ITER]: G: 250 / 419                                            
[23:44:49] INFO     (0:56:37) [ITER]: D: 250 / 419                                            
[23:44:59] INFO     (0:56:48) [ITER]: G: 251 / 419                                            
[23:45:02] INFO     (0:56:50) [ITER]: D: 251 / 419                                            
[23:45:13] INFO     (0:57:01) [ITER]: G: 252 / 419                                            
[23:45:15] INFO     (0:57:04) [ITER]: D: 252 / 419                                            
[23:45:26] INFO     (0:57:14) [ITER]: G: 253 / 419                                            
[23:45:29] INFO     (0:57:17) [ITER]: D: 253 / 419                                            
[23:45:39] INFO     (0:57:28) [ITER]: G: 254 / 419                                            
[23:45:42] INFO     (0:57:30) [ITER]: D: 254 / 419                                            
[23:45:53] INFO     (0:57:42) [ITER]: G: 255 / 419                                            
[23:45:56] INFO     (0:57:44) [ITER]: D: 255 / 419                                            
[23:46:07] INFO     (0:57:55) [ITER]: G: 256 / 419                                            
[23:46:09] INFO     (0:57:58) [ITER]: D: 256 / 419                                            
[23:46:20] INFO     (0:58:09) [ITER]: G: 257 / 419                                            
[23:46:23] INFO     (0:58:12) [ITER]: D: 257 / 419                                            
[23:46:34] INFO     (0:58:22) [ITER]: G: 258 / 419                                            
[23:46:37] INFO     (0:58:25) [ITER]: D: 258 / 419                                            
[23:46:47] INFO     (0:58:35) [ITER]: G: 259 / 419                                            
[23:46:50] INFO     (0:58:38) [ITER]: D: 259 / 419                                            
[23:47:00] INFO     (0:58:49) [ITER]: G: 260 / 419                                            
[23:47:03] INFO     (0:58:52) [ITER]: D: 260 / 419                                            
[23:47:14] INFO     (0:59:02) [ITER]: G: 261 / 419                                            
[23:47:17] INFO     (0:59:05) [ITER]: D: 261 / 419                                            
[23:47:27] INFO     (0:59:16) [ITER]: G: 262 / 419                                            
[23:47:30] INFO     (0:59:18) [ITER]: D: 262 / 419                                            
[23:47:41] INFO     (0:59:29) [ITER]: G: 263 / 419                                            
[23:47:44] INFO     (0:59:32) [ITER]: D: 263 / 419                                            
[23:47:54] INFO     (0:59:42) [ITER]: G: 264 / 419                                            
[23:47:57] INFO     (0:59:45) [ITER]: D: 264 / 419                                            
[23:48:07] INFO     (0:59:56) [ITER]: G: 265 / 419                                            
[23:48:10] INFO     (0:59:59) [ITER]: D: 265 / 419                                            
[23:48:21] INFO     (1:00:09) [ITER]: G: 266 / 419                                            
[23:48:24] INFO     (1:00:12) [ITER]: D: 266 / 419                                            
[23:48:35] INFO     (1:00:23) [ITER]: G: 267 / 419                                            
[23:48:37] INFO     (1:00:26) [ITER]: D: 267 / 419                                            
[23:48:48] INFO     (1:00:36) [ITER]: G: 268 / 419                                            
[23:48:51] INFO     (1:00:39) [ITER]: D: 268 / 419                                            
[23:49:02] INFO     (1:00:50) [ITER]: G: 269 / 419                                            
[23:49:04] INFO     (1:00:53) [ITER]: D: 269 / 419                                            
[23:49:15] INFO     (1:01:04) [ITER]: G: 270 / 419                                            
[23:49:18] INFO     (1:01:06) [ITER]: D: 270 / 419                                            
[23:49:29] INFO     (1:01:17) [ITER]: G: 271 / 419                                            
[23:49:31] INFO     (1:01:20) [ITER]: D: 271 / 419                                            
[23:49:42] INFO     (1:01:30) [ITER]: G: 272 / 419                                            
[23:49:45] INFO     (1:01:33) [ITER]: D: 272 / 419                                            
[23:49:55] INFO     (1:01:44) [ITER]: G: 273 / 419                                            
[23:49:58] INFO     (1:01:46) [ITER]: D: 273 / 419                                            
[23:50:09] INFO     (1:01:57) [ITER]: G: 274 / 419                                            
[23:50:11] INFO     (1:02:00) [ITER]: D: 274 / 419                                            
[23:50:22] INFO     (1:02:10) [ITER]: G: 275 / 419                                            
[23:50:25] INFO     (1:02:13) [ITER]: D: 275 / 419                                            
[23:50:35] INFO     (1:02:24) [ITER]: G: 276 / 419                                            
[23:50:38] INFO     (1:02:26) [ITER]: D: 276 / 419                                            
[23:50:49] INFO     (1:02:37) [ITER]: G: 277 / 419                                            
[23:50:51] INFO     (1:02:40) [ITER]: D: 277 / 419                                            
[23:51:02] INFO     (1:02:50) [ITER]: G: 278 / 419                                            
[23:51:05] INFO     (1:02:53) [ITER]: D: 278 / 419                                            
[23:51:15] INFO     (1:03:04) [ITER]: G: 279 / 419                                            
[23:51:18] INFO     (1:03:06) [ITER]: D: 279 / 419                                            
[23:51:29] INFO     (1:03:17) [ITER]: G: 280 / 419                                            
[23:51:31] INFO     (1:03:20) [ITER]: D: 280 / 419                                            
[23:51:42] INFO     (1:03:30) [ITER]: G: 281 / 419                                            
[23:51:45] INFO     (1:03:33) [ITER]: D: 281 / 419                                            
[23:51:55] INFO     (1:03:43) [ITER]: G: 282 / 419                                            
[23:51:58] INFO     (1:03:46) [ITER]: D: 282 / 419                                            
[23:52:09] INFO     (1:03:57) [ITER]: G: 283 / 419                                            
[23:52:12] INFO     (1:04:00) [ITER]: D: 283 / 419                                            
[23:52:22] INFO     (1:04:11) [ITER]: G: 284 / 419                                            
[23:52:25] INFO     (1:04:14) [ITER]: D: 284 / 419                                            
[23:52:36] INFO     (1:04:24) [ITER]: G: 285 / 419                                            
[23:52:39] INFO     (1:04:27) [ITER]: D: 285 / 419                                            
[23:52:49] INFO     (1:04:37) [ITER]: G: 286 / 419                                            
[23:52:52] INFO     (1:04:40) [ITER]: D: 286 / 419                                            
[23:53:02] INFO     (1:04:51) [ITER]: G: 287 / 419                                            
[23:53:05] INFO     (1:04:53) [ITER]: D: 287 / 419                                            
[23:53:16] INFO     (1:05:04) [ITER]: G: 288 / 419                                            
[23:53:18] INFO     (1:05:07) [ITER]: D: 288 / 419                                            
[23:53:29] INFO     (1:05:17) [ITER]: G: 289 / 419                                            
[23:53:32] INFO     (1:05:20) [ITER]: D: 289 / 419                                            
[23:53:42] INFO     (1:05:30) [ITER]: G: 290 / 419                                            
[23:53:45] INFO     (1:05:33) [ITER]: D: 290 / 419                                            
[23:53:55] INFO     (1:05:44) [ITER]: G: 291 / 419                                            
[23:53:58] INFO     (1:05:46) [ITER]: D: 291 / 419                                            
[23:54:09] INFO     (1:05:57) [ITER]: G: 292 / 419                                            
[23:54:11] INFO     (1:06:00) [ITER]: D: 292 / 419                                            
[23:54:22] INFO     (1:06:10) [ITER]: G: 293 / 419                                            
[23:54:25] INFO     (1:06:13) [ITER]: D: 293 / 419                                            
[23:54:35] INFO     (1:06:24) [ITER]: G: 294 / 419                                            
[23:54:38] INFO     (1:06:27) [ITER]: D: 294 / 419                                            
[23:54:49] INFO     (1:06:37) [ITER]: G: 295 / 419                                            
[23:54:52] INFO     (1:06:40) [ITER]: D: 295 / 419                                            
[23:55:02] INFO     (1:06:51) [ITER]: G: 296 / 419                                            
[23:55:05] INFO     (1:06:54) [ITER]: D: 296 / 419                                            
[23:55:16] INFO     (1:07:05) [ITER]: G: 297 / 419                                            
[23:55:19] INFO     (1:07:07) [ITER]: D: 297 / 419                                            
[23:55:30] INFO     (1:07:18) [ITER]: G: 298 / 419                                            
[23:55:32] INFO     (1:07:21) [ITER]: D: 298 / 419                                            
[23:55:43] INFO     (1:07:31) [ITER]: G: 299 / 419                                            
[23:55:46] INFO     (1:07:34) [ITER]: D: 299 / 419                                            
           INFO     (1:07:34) Gathering tensor across 3 devices...                            
           INFO     (1:07:34) Gathering tensor across 3 devices...                            
[23:55:47] INFO     (1:07:35) Gathering tensor across 3 devices...                            
           INFO     (1:07:35) Gathering tensor across 3 devices...                            
[23:55:58] INFO     (1:07:47) [ITER]: G: 300 / 419                                            
[23:56:01] INFO     (1:07:49) [ITER]: D: 300 / 419                                            
[23:56:12] INFO     (1:08:00) [ITER]: G: 301 / 419                                            
[23:56:14] INFO     (1:08:03) [ITER]: D: 301 / 419                                            
[23:56:25] INFO     (1:08:13) [ITER]: G: 302 / 419                                            
[23:56:28] INFO     (1:08:16) [ITER]: D: 302 / 419                                            
[23:56:39] INFO     (1:08:27) [ITER]: G: 303 / 419                                            
[23:56:41] INFO     (1:08:30) [ITER]: D: 303 / 419                                            
[23:56:52] INFO     (1:08:40) [ITER]: G: 304 / 419                                            
[23:56:55] INFO     (1:08:43) [ITER]: D: 304 / 419                                            
[23:57:05] INFO     (1:08:53) [ITER]: G: 305 / 419                                            
[23:57:08] INFO     (1:08:56) [ITER]: D: 305 / 419                                            
[23:57:18] INFO     (1:09:07) [ITER]: G: 306 / 419                                            
[23:57:21] INFO     (1:09:10) [ITER]: D: 306 / 419                                            
[23:57:32] INFO     (1:09:20) [ITER]: G: 307 / 419                                            
[23:57:35] INFO     (1:09:23) [ITER]: D: 307 / 419                                            
[23:57:46] INFO     (1:09:34) [ITER]: G: 308 / 419                                            
[23:57:48] INFO     (1:09:37) [ITER]: D: 308 / 419                                            
[23:57:59] INFO     (1:09:47) [ITER]: G: 309 / 419                                            
[23:58:02] INFO     (1:09:50) [ITER]: D: 309 / 419                                            
[23:58:13] INFO     (1:10:01) [ITER]: G: 310 / 419                                            
[23:58:16] INFO     (1:10:04) [ITER]: D: 310 / 419                                            
[23:58:26] INFO     (1:10:15) [ITER]: G: 311 / 419                                            
[23:58:29] INFO     (1:10:18) [ITER]: D: 311 / 419                                            
[23:58:40] INFO     (1:10:28) [ITER]: G: 312 / 419                                            
[23:58:43] INFO     (1:10:31) [ITER]: D: 312 / 419                                            
[23:58:53] INFO     (1:10:42) [ITER]: G: 313 / 419                                            
[23:58:56] INFO     (1:10:44) [ITER]: D: 313 / 419                                            
[23:59:07] INFO     (1:10:55) [ITER]: G: 314 / 419                                            
[23:59:09] INFO     (1:10:58) [ITER]: D: 314 / 419                                            
[23:59:20] INFO     (1:11:08) [ITER]: G: 315 / 419                                            
[23:59:23] INFO     (1:11:11) [ITER]: D: 315 / 419                                            
[23:59:34] INFO     (1:11:22) [ITER]: G: 316 / 419                                            
[23:59:36] INFO     (1:11:25) [ITER]: D: 316 / 419                                            
[23:59:47] INFO     (1:11:35) [ITER]: G: 317 / 419                                            
[23:59:50] INFO     (1:11:38) [ITER]: D: 317 / 419                                            
[00:00:00] INFO     (1:11:49) [ITER]: G: 318 / 419                                            
[00:00:03] INFO     (1:11:51) [ITER]: D: 318 / 419                                            
[00:00:14] INFO     (1:12:02) [ITER]: G: 319 / 419                                            
[00:00:17] INFO     (1:12:05) [ITER]: D: 319 / 419                                            
[00:00:27] INFO     (1:12:15) [ITER]: G: 320 / 419                                            
[00:00:30] INFO     (1:12:18) [ITER]: D: 320 / 419                                            
[00:00:40] INFO     (1:12:29) [ITER]: G: 321 / 419                                            
[00:00:43] INFO     (1:12:32) [ITER]: D: 321 / 419                                            
[00:00:54] INFO     (1:12:42) [ITER]: G: 322 / 419                                            
[00:00:57] INFO     (1:12:45) [ITER]: D: 322 / 419                                            
[00:01:07] INFO     (1:12:56) [ITER]: G: 323 / 419                                            
[00:01:10] INFO     (1:12:59) [ITER]: D: 323 / 419                                            
[00:01:21] INFO     (1:13:10) [ITER]: G: 324 / 419                                            
[00:01:24] INFO     (1:13:12) [ITER]: D: 324 / 419                                            
[00:01:35] INFO     (1:13:23) [ITER]: G: 325 / 419                                            
[00:01:38] INFO     (1:13:26) [ITER]: D: 325 / 419                                            
[00:01:48] INFO     (1:13:36) [ITER]: G: 326 / 419                                            
[00:01:51] INFO     (1:13:39) [ITER]: D: 326 / 419                                            
[00:02:01] INFO     (1:13:50) [ITER]: G: 327 / 419                                            
[00:02:04] INFO     (1:13:53) [ITER]: D: 327 / 419                                            
[00:02:15] INFO     (1:14:03) [ITER]: G: 328 / 419                                            
[00:02:18] INFO     (1:14:06) [ITER]: D: 328 / 419                                            
[00:02:28] INFO     (1:14:17) [ITER]: G: 329 / 419                                            
[00:02:31] INFO     (1:14:19) [ITER]: D: 329 / 419                                            
[00:02:42] INFO     (1:14:30) [ITER]: G: 330 / 419                                            
[00:02:44] INFO     (1:14:33) [ITER]: D: 330 / 419                                            
[00:02:55] INFO     (1:14:43) [ITER]: G: 331 / 419                                            
[00:02:58] INFO     (1:14:46) [ITER]: D: 331 / 419                                            
[00:03:08] INFO     (1:14:57) [ITER]: G: 332 / 419                                            
[00:03:11] INFO     (1:14:59) [ITER]: D: 332 / 419                                            
[00:03:22] INFO     (1:15:10) [ITER]: G: 333 / 419                                            
[00:03:24] INFO     (1:15:13) [ITER]: D: 333 / 419                                            
[00:03:36] INFO     (1:15:24) [ITER]: G: 334 / 419                                            
[00:03:38] INFO     (1:15:27) [ITER]: D: 334 / 419                                            
[00:03:49] INFO     (1:15:37) [ITER]: G: 335 / 419                                            
[00:03:52] INFO     (1:15:40) [ITER]: D: 335 / 419                                            
[00:04:03] INFO     (1:15:51) [ITER]: G: 336 / 419                                            
[00:04:06] INFO     (1:15:54) [ITER]: D: 336 / 419                                            
[00:04:16] INFO     (1:16:05) [ITER]: G: 337 / 419                                            
[00:04:19] INFO     (1:16:07) [ITER]: D: 337 / 419                                            
[00:04:30] INFO     (1:16:18) [ITER]: G: 338 / 419                                            
[00:04:32] INFO     (1:16:21) [ITER]: D: 338 / 419                                            
[00:04:43] INFO     (1:16:31) [ITER]: G: 339 / 419                                            
[00:04:46] INFO     (1:16:34) [ITER]: D: 339 / 419                                            
[00:04:57] INFO     (1:16:45) [ITER]: G: 340 / 419                                            
[00:04:59] INFO     (1:16:48) [ITER]: D: 340 / 419                                            
[00:05:10] INFO     (1:16:58) [ITER]: G: 341 / 419                                            
[00:05:13] INFO     (1:17:01) [ITER]: D: 341 / 419                                            
[00:05:23] INFO     (1:17:12) [ITER]: G: 342 / 419                                            
[00:05:26] INFO     (1:17:15) [ITER]: D: 342 / 419                                            
[00:05:37] INFO     (1:17:25) [ITER]: G: 343 / 419                                            
[00:05:40] INFO     (1:17:28) [ITER]: D: 343 / 419                                            
[00:05:50] INFO     (1:17:38) [ITER]: G: 344 / 419                                            
[00:05:53] INFO     (1:17:41) [ITER]: D: 344 / 419                                            
[00:06:04] INFO     (1:17:52) [ITER]: G: 345 / 419                                            
[00:06:07] INFO     (1:17:55) [ITER]: D: 345 / 419                                            
[00:06:17] INFO     (1:18:05) [ITER]: G: 346 / 419                                            
[00:06:20] INFO     (1:18:08) [ITER]: D: 346 / 419                                            
[00:06:31] INFO     (1:18:19) [ITER]: G: 347 / 419                                            
[00:06:34] INFO     (1:18:22) [ITER]: D: 347 / 419                                            
[00:06:45] INFO     (1:18:33) [ITER]: G: 348 / 419                                            
[00:06:48] INFO     (1:18:36) [ITER]: D: 348 / 419                                            
[00:06:58] INFO     (1:18:47) [ITER]: G: 349 / 419                                            
[00:07:01] INFO     (1:18:50) [ITER]: D: 349 / 419                                            
[00:07:12] INFO     (1:19:00) [ITER]: G: 350 / 419                                            
[00:07:14] INFO     (1:19:03) [ITER]: D: 350 / 419                                            
[00:07:25] INFO     (1:19:13) [ITER]: G: 351 / 419                                            
[00:07:28] INFO     (1:19:16) [ITER]: D: 351 / 419                                            
[00:07:38] INFO     (1:19:27) [ITER]: G: 352 / 419                                            
[00:07:41] INFO     (1:19:29) [ITER]: D: 352 / 419                                            
[00:07:52] INFO     (1:19:40) [ITER]: G: 353 / 419                                            
[00:07:55] INFO     (1:19:43) [ITER]: D: 353 / 419                                            
[00:08:05] INFO     (1:19:54) [ITER]: G: 354 / 419                                            
[00:08:08] INFO     (1:19:56) [ITER]: D: 354 / 419                                            
[00:08:19] INFO     (1:20:07) [ITER]: G: 355 / 419                                            
[00:08:22] INFO     (1:20:10) [ITER]: D: 355 / 419                                            
[00:08:32] INFO     (1:20:20) [ITER]: G: 356 / 419                                            
[00:08:35] INFO     (1:20:23) [ITER]: D: 356 / 419                                            
[00:08:45] INFO     (1:20:34) [ITER]: G: 357 / 419                                            
[00:08:48] INFO     (1:20:36) [ITER]: D: 357 / 419                                            
[00:08:59] INFO     (1:20:48) [ITER]: G: 358 / 419                                            
[00:09:02] INFO     (1:20:50) [ITER]: D: 358 / 419                                            
[00:09:13] INFO     (1:21:01) [ITER]: G: 359 / 419                                            
[00:09:16] INFO     (1:21:04) [ITER]: D: 359 / 419                                            
[00:09:26] INFO     (1:21:15) [ITER]: G: 360 / 419                                            
[00:09:29] INFO     (1:21:17) [ITER]: D: 360 / 419                                            
[00:09:40] INFO     (1:21:28) [ITER]: G: 361 / 419                                            
[00:09:43] INFO     (1:21:31) [ITER]: D: 361 / 419                                            
[00:09:54] INFO     (1:21:42) [ITER]: G: 362 / 419                                            
[00:09:56] INFO     (1:21:45) [ITER]: D: 362 / 419                                            
[00:10:07] INFO     (1:21:55) [ITER]: G: 363 / 419                                            
[00:10:10] INFO     (1:21:58) [ITER]: D: 363 / 419                                            
[00:10:20] INFO     (1:22:09) [ITER]: G: 364 / 419                                            
[00:10:23] INFO     (1:22:11) [ITER]: D: 364 / 419                                            
[00:10:34] INFO     (1:22:22) [ITER]: G: 365 / 419                                            
[00:10:36] INFO     (1:22:25) [ITER]: D: 365 / 419                                            
[00:10:47] INFO     (1:22:35) [ITER]: G: 366 / 419                                            
[00:10:50] INFO     (1:22:38) [ITER]: D: 366 / 419                                            
[00:11:00] INFO     (1:22:49) [ITER]: G: 367 / 419                                            
[00:11:03] INFO     (1:22:51) [ITER]: D: 367 / 419                                            
[00:11:14] INFO     (1:23:02) [ITER]: G: 368 / 419                                            
[00:11:17] INFO     (1:23:05) [ITER]: D: 368 / 419                                            
[00:11:27] INFO     (1:23:15) [ITER]: G: 369 / 419                                            
[00:11:30] INFO     (1:23:18) [ITER]: D: 369 / 419                                            
[00:11:40] INFO     (1:23:29) [ITER]: G: 370 / 419                                            
[00:11:43] INFO     (1:23:31) [ITER]: D: 370 / 419                                            
[00:11:54] INFO     (1:23:42) [ITER]: G: 371 / 419                                            
[00:11:57] INFO     (1:23:45) [ITER]: D: 371 / 419                                            
[00:12:07] INFO     (1:23:56) [ITER]: G: 372 / 419                                            
[00:12:10] INFO     (1:23:59) [ITER]: D: 372 / 419                                            
[00:12:21] INFO     (1:24:09) [ITER]: G: 373 / 419                                            
[00:12:24] INFO     (1:24:12) [ITER]: D: 373 / 419                                            
[00:12:34] INFO     (1:24:23) [ITER]: G: 374 / 419                                            
[00:12:37] INFO     (1:24:26) [ITER]: D: 374 / 419                                            
[00:12:48] INFO     (1:24:36) [ITER]: G: 375 / 419                                            
[00:12:51] INFO     (1:24:39) [ITER]: D: 375 / 419                                            
[00:13:01] INFO     (1:24:49) [ITER]: G: 376 / 419                                            
[00:13:04] INFO     (1:24:52) [ITER]: D: 376 / 419                                            
[00:13:14] INFO     (1:25:03) [ITER]: G: 377 / 419                                            
[00:13:17] INFO     (1:25:05) [ITER]: D: 377 / 419                                            
[00:13:28] INFO     (1:25:16) [ITER]: G: 378 / 419                                            
[00:13:30] INFO     (1:25:19) [ITER]: D: 378 / 419                                            
[00:13:41] INFO     (1:25:29) [ITER]: G: 379 / 419                                            
[00:13:44] INFO     (1:25:32) [ITER]: D: 379 / 419                                            
[00:13:54] INFO     (1:25:42) [ITER]: G: 380 / 419                                            
[00:13:57] INFO     (1:25:45) [ITER]: D: 380 / 419                                            
[00:14:07] INFO     (1:25:56) [ITER]: G: 381 / 419                                            
[00:14:10] INFO     (1:25:59) [ITER]: D: 381 / 419                                            
[00:14:21] INFO     (1:26:09) [ITER]: G: 382 / 419                                            
[00:14:24] INFO     (1:26:12) [ITER]: D: 382 / 419                                            
[00:14:34] INFO     (1:26:22) [ITER]: G: 383 / 419                                            
[00:14:37] INFO     (1:26:25) [ITER]: D: 383 / 419                                            
[00:14:47] INFO     (1:26:36) [ITER]: G: 384 / 419                                            
[00:14:50] INFO     (1:26:39) [ITER]: D: 384 / 419                                            
[00:15:01] INFO     (1:26:49) [ITER]: G: 385 / 419                                            
[00:15:04] INFO     (1:26:52) [ITER]: D: 385 / 419                                            
[00:15:14] INFO     (1:27:03) [ITER]: G: 386 / 419                                            
[00:15:17] INFO     (1:27:06) [ITER]: D: 386 / 419                                            
[00:15:28] INFO     (1:27:16) [ITER]: G: 387 / 419                                            
[00:15:31] INFO     (1:27:19) [ITER]: D: 387 / 419                                            
[00:15:41] INFO     (1:27:30) [ITER]: G: 388 / 419                                            
[00:15:44] INFO     (1:27:33) [ITER]: D: 388 / 419                                            
[00:15:55] INFO     (1:27:43) [ITER]: G: 389 / 419                                            
[00:15:58] INFO     (1:27:46) [ITER]: D: 389 / 419                                            
[00:16:08] INFO     (1:27:56) [ITER]: G: 390 / 419                                            
[00:16:11] INFO     (1:27:59) [ITER]: D: 390 / 419                                            
[00:16:21] INFO     (1:28:10) [ITER]: G: 391 / 419                                            
[00:16:24] INFO     (1:28:12) [ITER]: D: 391 / 419                                            
[00:16:35] INFO     (1:28:23) [ITER]: G: 392 / 419                                            
[00:16:37] INFO     (1:28:26) [ITER]: D: 392 / 419                                            
[00:16:48] INFO     (1:28:36) [ITER]: G: 393 / 419                                            
[00:16:51] INFO     (1:28:39) [ITER]: D: 393 / 419                                            
[00:17:01] INFO     (1:28:50) [ITER]: G: 394 / 419                                            
[00:17:04] INFO     (1:28:52) [ITER]: D: 394 / 419                                            
[00:17:15] INFO     (1:29:03) [ITER]: G: 395 / 419                                            
[00:17:17] INFO     (1:29:06) [ITER]: D: 395 / 419                                            
[00:17:28] INFO     (1:29:16) [ITER]: G: 396 / 419                                            
[00:17:31] INFO     (1:29:19) [ITER]: D: 396 / 419                                            
[00:17:41] INFO     (1:29:30) [ITER]: G: 397 / 419                                            
[00:17:44] INFO     (1:29:32) [ITER]: D: 397 / 419                                            
[00:17:55] INFO     (1:29:43) [ITER]: G: 398 / 419                                            
[00:17:58] INFO     (1:29:46) [ITER]: D: 398 / 419                                            
[00:18:09] INFO     (1:29:57) [ITER]: G: 399 / 419                                            
[00:18:12] INFO     (1:30:00) [ITER]: D: 399 / 419                                            
           INFO     (1:30:00) Gathering tensor across 3 devices...                            
           INFO     (1:30:00) Gathering tensor across 3 devices...                            
[00:18:13] INFO     (1:30:01) Gathering tensor across 3 devices...                            
           INFO     (1:30:01) Gathering tensor across 3 devices...                            
[00:18:24] INFO     (1:30:12) [ITER]: G: 400 / 419                                            
[00:18:27] INFO     (1:30:15) [ITER]: D: 400 / 419                                            
[00:18:37] INFO     (1:30:26) [ITER]: G: 401 / 419                                            
[00:18:40] INFO     (1:30:29) [ITER]: D: 401 / 419                                            
[00:18:51] INFO     (1:30:39) [ITER]: G: 402 / 419                                            
[00:18:54] INFO     (1:30:42) [ITER]: D: 402 / 419                                            
[00:19:04] INFO     (1:30:52) [ITER]: G: 403 / 419                                            
[00:19:07] INFO     (1:30:55) [ITER]: D: 403 / 419                                            
[00:19:17] INFO     (1:31:06) [ITER]: G: 404 / 419                                            
[00:19:20] INFO     (1:31:09) [ITER]: D: 404 / 419                                            
[00:19:31] INFO     (1:31:19) [ITER]: G: 405 / 419                                            
[00:19:34] INFO     (1:31:22) [ITER]: D: 405 / 419                                            
[00:19:44] INFO     (1:31:32) [ITER]: G: 406 / 419                                            
[00:19:47] INFO     (1:31:35) [ITER]: D: 406 / 419                                            
[00:19:57] INFO     (1:31:46) [ITER]: G: 407 / 419                                            
[00:20:00] INFO     (1:31:49) [ITER]: D: 407 / 419                                            
[00:20:11] INFO     (1:31:59) [ITER]: G: 408 / 419                                            
[00:20:14] INFO     (1:32:02) [ITER]: D: 408 / 419                                            
[00:20:24] INFO     (1:32:12) [ITER]: G: 409 / 419                                            
[00:20:27] INFO     (1:32:15) [ITER]: D: 409 / 419                                            
[00:20:37] INFO     (1:32:26) [ITER]: G: 410 / 419                                            
[00:20:40] INFO     (1:32:29) [ITER]: D: 410 / 419                                            
[00:20:51] INFO     (1:32:40) [ITER]: G: 411 / 419                                            
[00:20:54] INFO     (1:32:42) [ITER]: D: 411 / 419                                            
[00:21:04] INFO     (1:32:53) [ITER]: G: 412 / 419                                            
[00:21:07] INFO     (1:32:56) [ITER]: D: 412 / 419                                            
[00:21:18] INFO     (1:33:07) [ITER]: G: 413 / 419                                            
[00:21:21] INFO     (1:33:09) [ITER]: D: 413 / 419                                            
[00:21:31] INFO     (1:33:20) [ITER]: G: 414 / 419                                            
[00:21:34] INFO     (1:33:23) [ITER]: D: 414 / 419                                            
[00:21:45] INFO     (1:33:33) [ITER]: G: 415 / 419                                            
[00:21:48] INFO     (1:33:36) [ITER]: D: 415 / 419                                            
[00:21:58] INFO     (1:33:46) [ITER]: G: 416 / 419                                            
[00:22:01] INFO     (1:33:49) [ITER]: D: 416 / 419                                            
[00:22:11] INFO     (1:34:00) [ITER]: G: 417 / 419                                            
[00:22:14] INFO     (1:34:02) [ITER]: D: 417 / 419                                            
[00:22:25] INFO     (1:34:13) [ITER]: G: 418 / 419                                            
[00:22:27] INFO     (1:34:16) [ITER]: D: 418 / 419                                            
           INFO     (1:34:16) [epoch]: 0 | [G loss]: 0.12558709939665486 | [D loss]:          
                    0.17486840654743843                                                       
[00:22:29] INFO     (1:34:17) [Noise]: sigma = 0.95                                           
[00:22:40] INFO     (1:34:28) [ITER]: G: 0 / 419                                              
[00:22:42] INFO     (1:34:31) [ITER]: D: 0 / 419                                              
[00:22:53] INFO     (1:34:41) [ITER]: G: 1 / 419                                              
[00:22:56] INFO     (1:34:44) [ITER]: D: 1 / 419                                              
[00:23:06] INFO     (1:34:54) [ITER]: G: 2 / 419                                              
[00:23:09] INFO     (1:34:57) [ITER]: D: 2 / 419                                              
[00:23:19] INFO     (1:35:07) [ITER]: G: 3 / 419                                              
[00:23:22] INFO     (1:35:10) [ITER]: D: 3 / 419                                              
[00:23:32] INFO     (1:35:21) [ITER]: G: 4 / 419                                              
[00:23:35] INFO     (1:35:24) [ITER]: D: 4 / 419                                              
[00:23:46] INFO     (1:35:34) [ITER]: G: 5 / 419                                              
[00:23:49] INFO     (1:35:37) [ITER]: D: 5 / 419                                              
[00:23:59] INFO     (1:35:47) [ITER]: G: 6 / 419                                              
[00:24:02] INFO     (1:35:51) [ITER]: D: 6 / 419                                              
[00:24:13] INFO     (1:36:01) [ITER]: G: 7 / 419                                              
[00:24:15] INFO     (1:36:04) [ITER]: D: 7 / 419                                              
[00:24:26] INFO     (1:36:14) [ITER]: G: 8 / 419                                              
[00:24:28] INFO     (1:36:17) [ITER]: D: 8 / 419                                              
[00:24:39] INFO     (1:36:27) [ITER]: G: 9 / 419                                              
[00:24:42] INFO     (1:36:30) [ITER]: D: 9 / 419                                              
[00:24:52] INFO     (1:36:40) [ITER]: G: 10 / 419                                             
[00:24:55] INFO     (1:36:43) [ITER]: D: 10 / 419                                             
[00:25:05] INFO     (1:36:53) [ITER]: G: 11 / 419                                             
[00:25:08] INFO     (1:36:56) [ITER]: D: 11 / 419                                             
[00:25:18] INFO     (1:37:06) [ITER]: G: 12 / 419                                             
[00:25:21] INFO     (1:37:09) [ITER]: D: 12 / 419                                             
[00:25:31] INFO     (1:37:19) [ITER]: G: 13 / 419                                             
[00:25:34] INFO     (1:37:22) [ITER]: D: 13 / 419                                             
[00:25:44] INFO     (1:37:33) [ITER]: G: 14 / 419                                             
[00:25:47] INFO     (1:37:35) [ITER]: D: 14 / 419                                             
[00:25:57] INFO     (1:37:46) [ITER]: G: 15 / 419                                             
[00:26:00] INFO     (1:37:48) [ITER]: D: 15 / 419                                             
[00:26:10] INFO     (1:37:59) [ITER]: G: 16 / 419                                             
[00:26:13] INFO     (1:38:02) [ITER]: D: 16 / 419                                             
[00:26:23] INFO     (1:38:12) [ITER]: G: 17 / 419                                             
[00:26:26] INFO     (1:38:15) [ITER]: D: 17 / 419                                             
[00:26:37] INFO     (1:38:25) [ITER]: G: 18 / 419                                             
[00:26:40] INFO     (1:38:28) [ITER]: D: 18 / 419                                             
[00:26:50] INFO     (1:38:38) [ITER]: G: 19 / 419                                             
[00:26:53] INFO     (1:38:41) [ITER]: D: 19 / 419                                             
[00:27:04] INFO     (1:38:52) [ITER]: G: 20 / 419                                             
[00:27:06] INFO     (1:38:55) [ITER]: D: 20 / 419                                             
[00:27:17] INFO     (1:39:05) [ITER]: G: 21 / 419                                             
[00:27:20] INFO     (1:39:08) [ITER]: D: 21 / 419                                             
[00:27:30] INFO     (1:39:18) [ITER]: G: 22 / 419                                             
[00:27:33] INFO     (1:39:21) [ITER]: D: 22 / 419                                             
[00:27:43] INFO     (1:39:31) [ITER]: G: 23 / 419                                             
[00:27:46] INFO     (1:39:34) [ITER]: D: 23 / 419                                             
[00:27:56] INFO     (1:39:44) [ITER]: G: 24 / 419                                             
[00:27:59] INFO     (1:39:47) [ITER]: D: 24 / 419                                             
[00:28:09] INFO     (1:39:58) [ITER]: G: 25 / 419                                             
[00:28:12] INFO     (1:40:00) [ITER]: D: 25 / 419                                             
[00:28:22] INFO     (1:40:11) [ITER]: G: 26 / 419                                             
[00:28:25] INFO     (1:40:13) [ITER]: D: 26 / 419                                             
[00:28:35] INFO     (1:40:24) [ITER]: G: 27 / 419                                             
[00:28:38] INFO     (1:40:27) [ITER]: D: 27 / 419                                             
[00:28:48] INFO     (1:40:37) [ITER]: G: 28 / 419                                             
[00:28:51] INFO     (1:40:40) [ITER]: D: 28 / 419                                             
[00:29:02] INFO     (1:40:50) [ITER]: G: 29 / 419                                             
[00:29:05] INFO     (1:40:53) [ITER]: D: 29 / 419                                             
[00:29:15] INFO     (1:41:03) [ITER]: G: 30 / 419                                             
[00:29:18] INFO     (1:41:06) [ITER]: D: 30 / 419                                             
[00:29:28] INFO     (1:41:17) [ITER]: G: 31 / 419                                             
[00:29:31] INFO     (1:41:19) [ITER]: D: 31 / 419                                             
[00:29:42] INFO     (1:41:30) [ITER]: G: 32 / 419                                             
[00:29:44] INFO     (1:41:33) [ITER]: D: 32 / 419                                             
[00:29:55] INFO     (1:41:43) [ITER]: G: 33 / 419                                             
[00:29:57] INFO     (1:41:46) [ITER]: D: 33 / 419                                             
[00:30:08] INFO     (1:41:56) [ITER]: G: 34 / 419                                             
[00:30:11] INFO     (1:41:59) [ITER]: D: 34 / 419                                             
[00:30:21] INFO     (1:42:10) [ITER]: G: 35 / 419                                             
[00:30:24] INFO     (1:42:12) [ITER]: D: 35 / 419                                             
[00:30:34] INFO     (1:42:23) [ITER]: G: 36 / 419                                             
[00:30:37] INFO     (1:42:26) [ITER]: D: 36 / 419                                             
[00:30:47] INFO     (1:42:36) [ITER]: G: 37 / 419                                             
[00:30:50] INFO     (1:42:39) [ITER]: D: 37 / 419                                             
[00:31:01] INFO     (1:42:49) [ITER]: G: 38 / 419                                             
[00:31:03] INFO     (1:42:52) [ITER]: D: 38 / 419                                             
[00:31:14] INFO     (1:43:02) [ITER]: G: 39 / 419                                             
[00:31:17] INFO     (1:43:05) [ITER]: D: 39 / 419                                             
[00:31:27] INFO     (1:43:15) [ITER]: G: 40 / 419                                             
[00:31:30] INFO     (1:43:18) [ITER]: D: 40 / 419                                             
[00:31:40] INFO     (1:43:28) [ITER]: G: 41 / 419                                             
[00:31:43] INFO     (1:43:31) [ITER]: D: 41 / 419                                             
[00:31:53] INFO     (1:43:42) [ITER]: G: 42 / 419                                             
[00:31:56] INFO     (1:43:44) [ITER]: D: 42 / 419                                             
[00:32:06] INFO     (1:43:55) [ITER]: G: 43 / 419                                             
[00:32:09] INFO     (1:43:57) [ITER]: D: 43 / 419                                             
[00:32:19] INFO     (1:44:08) [ITER]: G: 44 / 419                                             
[00:32:22] INFO     (1:44:11) [ITER]: D: 44 / 419                                             
[00:32:33] INFO     (1:44:21) [ITER]: G: 45 / 419                                             
[00:32:35] INFO     (1:44:24) [ITER]: D: 45 / 419                                             
[00:32:46] INFO     (1:44:34) [ITER]: G: 46 / 419                                             
[00:32:48] INFO     (1:44:37) [ITER]: D: 46 / 419                                             
